[debug] [2017-06-20T09:22:52.164Z] ----------------------------------------------------------------------
[debug] [2017-06-20T09:22:52.166Z] Command:      /home/clouduser/local/bin/node /home/clouduser/local/bin/firebase init
[debug] [2017-06-20T09:22:52.166Z] CLI Version:  3.9.1
[debug] [2017-06-20T09:22:52.166Z] Platform:     linux
[debug] [2017-06-20T09:22:52.166Z] Node Version: v8.1.0
[debug] [2017-06-20T09:22:52.166Z] Time:         Tue Jun 20 2017 17:22:52 GMT+0800 (PHT)
[debug] [2017-06-20T09:22:52.166Z] ----------------------------------------------------------------------
[debug] 
[debug] [2017-06-20T09:22:52.171Z] > command requires scopes: ["email","openid","https://www.googleapis.com/auth/cloudplatformprojects.readonly","https://www.googleapis.com/auth/firebase"]
[debug] [2017-06-20T09:22:52.171Z] > authorizing via signed-in user
[info] 
     ######## #### ########  ######## ########     ###     ######  ########
     ##        ##  ##     ## ##       ##     ##  ##   ##  ##       ##
     ######    ##  ########  ######   ########  #########  ######  ######
     ##        ##  ##    ##  ##       ##     ## ##     ##       ## ##
     ##       #### ##     ## ######## ########  ##     ##  ######  ########

You're about to initialize a Firebase project in this directory:

  /home/clouduser/firebase/node-app

[warn] ⚠  You have have not selected any features. Continuing will simply associate this folder with a Firebase project. Press Ctrl + C if you want to start over.
[info] 
=== Project Setup
[info] 
[info] First, let's associate this project directory with a Firebase project.
[info] You can create multiple project aliases by running firebase use --add, 
[info] but for now we'll just set up a default project.
[info] 
[debug] [2017-06-20T09:23:00.373Z] > refreshing access token with scopes: ["email","https://www.googleapis.com/auth/cloudplatformprojects.readonly","https://www.googleapis.com/auth/firebase","openid"]
[debug] [2017-06-20T09:23:00.374Z] >>> HTTP REQUEST POST https://www.googleapis.com/oauth2/v3/token { refresh_token: '1/O0T8TMXnDdATWc_3BO_X58Gty7inhFQk882C2rH1Scnfy28kLUrxTcg8UAGpMsev',
  client_id: '563584335869-fgrhgmd47bqnekij5i8b5pr03ho849e6.apps.googleusercontent.com',
  client_secret: 'j9iVZfS8kkCEFUPaAeJV0sAi',
  grant_type: 'refresh_token',
  scope: 'email https://www.googleapis.com/auth/cloudplatformprojects.readonly https://www.googleapis.com/auth/firebase openid' } 
 Tue Jun 20 2017 17:23:00 GMT+0800 (PHT)
[debug] [2017-06-20T09:23:00.902Z] <<< HTTP RESPONSE 200
[debug] [2017-06-20T09:23:00.935Z] >>> HTTP REQUEST GET https://admin.firebase.com/v1/projects  
 Tue Jun 20 2017 17:23:00 GMT+0800 (PHT)
[debug] [2017-06-20T09:23:02.151Z] <<< HTTP RESPONSE 200
